82
180 2047
187 2034
256 2029
262 2025
264 1985
1933 1981
1963 1967
1955 1962
273 1921
1884 1916
294 1883
302 1882
308 1881
309 1879
1802 1877
1814 1829
1815 1822
1768 1769
311 1767
1753 1764
1145 1749
1170 1742
1190 1739
1193 1715
1217 1698
1228 1683
1230 1667
1269 1643
1270 1641
1280 1592
1301 1571
1551 1562
1410 1527
1481 1521
1417 1466
1437 1463
1418 1428
1366 1383
1302 1359
1311 1341
1281 1282
1174 1180
1065 1143
1092 1136
1080 1088
331 1061
337 1060
339 1050
366 1018
374 999
717 988
736 987
802 951
860 949
922 930
895 921
803 855
815 847
834 835
744 788
746 774
462 707
466 699
691 697
472 661
546 629
564 617
578 594
567 576
484 540
513 523
382 457
396 438
415 432
315 330
195 254
205 226
161 174
32 130
67 124
73 81
20 27
