160
31 8147
132 8111
8058 8110
7968 8043
161 7961
7889 7956
7901 7951
7760 7885
7796 7861
7763 7768
7739 7754
667 7736
749 7727
763 7717
770 7712
7455 7704
7488 7559
795 7448
798 7447
7017 7429
7278 7423
7352 7378
7364 7374
7288 7334
7291 7320
7038 7248
7056 7227
7173 7222
7086 7133
6555 7008
6966 6987
6564 6960
6570 6942
6922 6938
6589 6911
6595 6837
6776 6797
6702 6727
6618 6701
6651 6672
834 6537
849 6526
863 6482
864 6461
1186 6451
6233 6435
6238 6381
6252 6273
1191 6196
6143 6190
1199 6133
1321 6060
6007 6048
5302 6006
5334 6005
5345 5927
5350 5824
5380 5802
5758 5800
5410 5718
5412 5679
5620 5676
5625 5639
5417 5618
5438 5608
5518 5533
1381 5294
5276 5288
1387 5261
1413 5260
1661 5206
1704 5199
4069 5191
4076 5169
4746 5146
4824 5141
4827 5139
4875 5007
4891 4984
4836 4856
4775 4821
4686 4720
4094 4680
4147 4678
4152 4652
4595 4650
4248 4564
4251 4549
4307 4539
4486 4495
4331 4367
4261 4306
4168 4247
4105 4107
1745 4051
3510 3999
3515 3992
3986 3988
3576 3971
3786 3940
3810 3908
3620 3780
3644 3732
3687 3703
3621 3640
3522 3550
1752 3507
1761 3501
3358 3498
3440 3488
1774 3349
3233 3316
3244 3295
1781 3212
1785 3192
2304 3187
2316 3116
2326 3081
2407 3058
2417 3004
2993 3002
2426 2985
2430 2928
2433 2848
2820 2830
2478 2795
2495 2794
2638 2771
2657 2722
2533 2588
2243 2301
1789 2184
1801 2132
1817 2102
1883 2046
1912 2027
1964 1980
1425 1633
1557 1628
1431 1556
1468 1518
1452 1461
1342 1366
1235 1307
888 1164
931 1152
1029 1103
936 982
675 677
599 665
618 650
193 589
198 567
411 557
433 550
487 528
360 392
233 340
292 321
52 127
