819
1 2
3 2038
5 2037
6 793
7 792
8 791
9 790
10 787
11 786
12 14
16 20
17 18
21 785
22 36
23 35
24 25
26 33
27 28
29 32
37 784
38 41
39 40
42 781
43 780
44 246
45 245
46 241
47 106
48 53
49 51
54 105
56 58
59 62
60 61
63 104
64 103
65 76
66 67
68 72
73 75
77 101
79 100
80 96
81 89
83 87
84 85
90 95
92 93
97 98
107 108
109 240
110 216
111 215
112 214
113 213
114 212
115 117
118 210
119 123
121 122
124 209
125 205
126 204
127 131
129 130
132 141
133 140
135 139
136 138
142 203
143 202
144 201
145 195
146 157
147 149
150 156
151 155
152 153
159 194
160 191
162 190
163 187
164 186
166 167
168 170
171 185
172 184
173 183
174 182
175 181
177 179
197 200
198 199
206 208
217 218
219 239
220 238
221 235
222 223
224 234
225 233
226 227
228 230
236 237
242 243
247 779
248 762
249 253
250 251
254 761
255 758
256 757
257 756
258 754
259 263
260 262
264 265
266 747
267 746
268 745
269 270
271 744
272 741
274 737
275 278
276 277
279 734
282 711
283 297
284 293
285 286
287 289
290 291
295 296
299 710
300 677
301 676
302 673
303 670
304 669
305 375
306 371
308 311
309 310
312 321
313 317
314 315
318 320
322 370
323 367
324 366
325 358
326 355
327 354
328 331
333 353
335 336
337 352
338 341
342 343
344 351
345 347
348 350
356 357
359 362
363 365
372 374
376 664
377 659
378 656
379 382
380 381
383 654
384 647
385 463
386 460
387 459
388 391
389 390
392 396
393 394
397 403
398 401
399 400
404 456
405 454
406 443
408 438
409 435
410 434
411 433
413 418
414 416
419 432
420 431
422 430
425 429
427 428
436 437
439 442
444 451
446 450
452 453
457 458
461 462
464 632
465 468
466 467
469 563
470 550
471 532
472 531
473 530
474 528
475 527
476 501
477 496
479 480
481 493
482 492
483 490
484 486
487 489
498 499
503 526
504 525
505 506
507 524
508 512
509 511
513 523
514 522
515 521
517 520
533 549
534 547
535 540
536 538
541 544
542 543
551 562
552 554
555 560
556 559
564 631
566 571
568 569
572 630
573 629
574 628
576 627
577 626
578 625
579 582
583 623
584 622
585 588
589 606
590 604
591 603
592 598
593 597
595 596
599 600
607 621
609 620
610 619
611 617
612 616
613 615
633 644
634 635
636 643
637 639
640 642
648 653
649 651
657 658
660 663
665 666
667 668
671 672
674 675
678 709
679 705
680 701
681 684
682 683
685 700
686 688
689 699
690 691
692 698
693 696
702 704
707 708
712 731
713 715
716 730
717 724
718 723
719 721
725 729
727 728
732 733
735 736
738 740
742 743
750 753
759 760
763 764
765 778
766 776
767 768
769 774
770 773
794 2035
796 2032
797 880
798 879
799 878
800 875
801 808
802 807
804 805
809 814
810 813
815 874
817 868
818 864
819 860
820 822
823 859
824 826
827 850
828 848
830 834
832 833
835 847
836 846
837 838
839 844
840 842
851 857
852 854
855 856
861 862
865 867
869 873
870 872
876 877
881 2030
882 2018
883 884
885 2017
886 2016
887 1104
888 1102
889 892
890 891
893 894
895 1097
896 903
898 901
904 1096
905 1093
907 1092
908 1067
909 1061
910 1060
911 1059
912 1055
913 918
914 917
915 916
919 1053
920 925
921 924
922 923
926 1052
927 1051
929 930
931 1049
932 934
935 1046
936 1043
938 1042
939 940
941 1041
942 1040
945 1039
947 1038
948 958
949 957
950 956
953 954
959 1033
960 1027
962 1024
963 964
965 966
967 1023
968 1022
969 1021
970 971
972 1020
973 991
974 979
976 977
980 990
981 987
982 984
985 986
988 989
992 995
993 994
996 1016
997 998
999 1014
1002 1011
1003 1009
1005 1008
1012 1013
1018 1019
1025 1026
1028 1032
1029 1030
1034 1037
1044 1045
1047 1048
1057 1058
1063 1065
1069 1091
1070 1090
1071 1088
1072 1087
1074 1077
1075 1076
1078 1086
1079 1085
1081 1084
1094 1095
1098 1101
1099 1100
1105 1106
1107 2015
1108 2014
1109 1110
1111 1125
1113 1124
1114 1119
1115 1116
1120 1121
1126 2013
1127 2009
1129 1130
1131 1949
1132 1948
1133 1946
1134 1945
1136 1942
1137 1941
1139 1940
1140 1939
1141 1155
1142 1154
1143 1149
1145 1148
1150 1153
1156 1937
1157 1936
1158 1931
1159 1188
1160 1186
1161 1183
1162 1181
1163 1164
1166 1179
1167 1177
1168 1176
1169 1170
1171 1174
1184 1185
1189 1930
1190 1929
1191 1226
1192 1225
1193 1224
1194 1195
1196 1223
1197 1198
1199 1201
1202 1221
1203 1214
1205 1212
1206 1211
1207 1208
1215 1218
1216 1217
1219 1220
1227 1228
1230 1928
1231 1232
1234 1927
1235 1236
1237 1656
1238 1653
1240 1645
1241 1242
1243 1246
1244 1245
1247 1644
1248 1249
1250 1643
1252 1642
1253 1276
1254 1273
1255 1272
1256 1271
1257 1270
1260 1269
1261 1262
1263 1267
1264 1266
1274 1275
1277 1280
1282 1641
1283 1285
1286 1288
1289 1640
1290 1639
1291 1638
1292 1293
1294 1636
1295 1300
1296 1298
1301 1635
1302 1305
1303 1304
1306 1634
1307 1633
1308 1632
1310 1386
1311 1315
1312 1313
1317 1385
1318 1380
1319 1375
1320 1321
1322 1374
1325 1373
1326 1367
1327 1329
1330 1347
1331 1344
1332 1333
1335 1342
1337 1341
1338 1340
1345 1346
1348 1360
1349 1359
1350 1357
1352 1356
1353 1355
1361 1362
1363 1366
1368 1372
1369 1371
1376 1377
1381 1384
1382 1383
1387 1406
1388 1405
1389 1395
1390 1391
1393 1394
1396 1399
1401 1404
1402 1403
1407 1631
1409 1426
1410 1425
1412 1424
1413 1423
1414 1420
1415 1419
1416 1417
1421 1422
1427 1630
1428 1627
1429 1433
1430 1432
1434 1623
1435 1620
1436 1619
1437 1618
1438 1440
1442 1617
1443 1616
1444 1500
1446 1499
1447 1498
1449 1456
1450 1453
1454 1455
1457 1497
1458 1496
1459 1495
1460 1489
1461 1488
1462 1487
1465 1466
1468 1485
1469 1484
1470 1483
1471 1482
1472 1477
1475 1476
1479 1480
1490 1493
1491 1492
1501 1581
1502 1579
1503 1578
1504 1577
1506 1576
1507 1555
1508 1554
1509 1542
1510 1535
1512 1513
1516 1533
1517 1524
1518 1523
1525 1532
1526 1528
1529 1531
1536 1537
1538 1540
1543 1551
1544 1545
1546 1549
1547 1548
1552 1553
1556 1575
1557 1564
1558 1561
1562 1563
1565 1569
1567 1568
1570 1574
1571 1573
1582 1614
1584 1610
1585 1609
1587 1608
1588 1590
1591 1607
1592 1594
1595 1606
1596 1601
1597 1600
1602 1605
1611 1613
1621 1622
1624 1626
1628 1629
1646 1652
1647 1649
1650 1651
1654 1655
1657 1926
1658 1923
1659 1660
1661 1922
1662 1921
1663 1920
1664 1674
1665 1670
1667 1669
1671 1673
1675 1916
1676 1872
1677 1855
1678 1854
1679 1681
1682 1692
1683 1684
1685 1691
1686 1690
1687 1688
1693 1853
1694 1776
1695 1775
1696 1774
1697 1772
1698 1771
1699 1770
1700 1704
1701 1703
1705 1769
1706 1768
1707 1767
1708 1766
1710 1765
1711 1713
1715 1717
1718 1764
1719 1761
1720 1757
1721 1748
1723 1747
1724 1744
1725 1732
1726 1731
1729 1730
1733 1743
1734 1742
1736 1740
1737 1738
1745 1746
1749 1755
1750 1754
1751 1753
1758 1760
1762 1763
1777 1852
1778 1818
1779 1817
1781 1783
1784 1794
1785 1787
1788 1789
1790 1793
1795 1816
1796 1810
1797 1798
1799 1807
1801 1803
1804 1805
1808 1809
1811 1812
1813 1814
1819 1851
1820 1848
1821 1844
1822 1843
1823 1842
1825 1840
1826 1827
1828 1837
1829 1835
1830 1831
1832 1834
1838 1839
1845 1846
1849 1850
1856 1870
1857 1859
1860 1861
1862 1869
1863 1868
1864 1866
1874 1912
1875 1911
1876 1908
1877 1906
1878 1905
1881 1904
1882 1897
1883 1884
1885 1895
1886 1894
1887 1888
1889 1893
1890 1892
1898 1903
1899 1901
1909 1910
1914 1915
1917 1918
1924 1925
1932 1933
1934 1935
1943 1944
1950 1953
1951 1952
1954 2008
1955 2007
1956 1971
1958 1970
1959 1969
1960 1964
1961 1962
1965 1966
1967 1968
1972 2005
1973 2004
1974 2003
1975 1981
1976 1980
1977 1979
1982 1983
1984 2002
1986 2001
1987 2000
1988 1994
1989 1992
1995 1998
2010 2012
2019 2029
2020 2021
2022 2023
2024 2028
2025 2027
2039 2041
2042 2043
2045 2046
