206
0 2
3 511
4 7
8 11
9 10
13 509
14 89
15 88
16 85
17 84
18 73
19 23
21 22
24 72
25 71
26 34
27 29
30 31
32 33
36 70
37 69
39 61
41 59
42 58
43 55
44 45
49 54
50 51
52 53
56 57
62 68
63 64
65 67
74 80
75 79
82 83
86 87
91 92
93 94
95 506
96 505
97 98
99 504
100 501
101 105
102 103
107 113
108 110
111 112
114 118
115 116
119 133
120 132
122 131
124 128
125 127
129 130
134 500
135 499
136 492
137 282
139 281
140 280
141 222
142 221
143 220
144 145
146 219
147 164
148 161
149 160
150 159
151 154
156 157
165 218
166 217
168 214
169 213
170 172
173 187
174 175
177 186
178 180
181 184
182 183
188 212
189 210
190 206
191 200
192 196
193 194
201 205
203 204
207 208
215 216
223 242
224 241
225 231
226 227
228 230
232 240
233 235
236 238
243 246
244 245
247 279
248 276
249 275
250 270
252 269
253 256
254 255
257 268
259 266
260 265
261 263
271 274
277 278
283 489
284 488
285 487
286 486
287 290
288 289
291 480
292 470
293 294
295 467
296 466
297 465
298 464
299 463
300 461
301 307
302 305
308 459
309 310
311 458
313 457
314 454
315 453
317 452
318 450
319 448
320 447
321 446
322 360
323 359
324 325
326 352
327 349
328 347
329 333
330 332
334 340
335 339
336 337
341 346
343 344
350 351
353 358
354 356
361 418
362 417
365 366
367 368
369 413
370 376
371 375
372 373
377 412
378 411
379 406
380 381
382 384
385 405
386 395
387 394
388 390
391 392
396 404
397 403
398 400
407 408
409 410
414 415
419 445
421 423
424 444
425 440
426 439
427 438
428 437
429 431
432 434
441 443
471 474
475 479
476 477
481 482
483 484
490 491
494 498
495 497
502 503
507 508
