237
19864 19900
18 19775
100 19700
111 19688
19665 19669
319 19602
19266 19575
19371 19538
19204 19245
339 19198
357 19187
391 19161
19053 19100
402 19049
17582 18986
18965 18969
17721 18939
17864 18887
17907 18849
18053 18824
18787 18814
18101 18780
18612 18760
18187 18590
18360 18585
18503 18549
18134 18173
17825 17862
17769 17817
432 17542
463 17534
570 17515
596 17438
14339 17295
14340 17256
17151 17223
14351 17084
14363 17069
14370 16985
14380 16971
14401 16963
16813 16825
14498 16799
14516 16713
16627 16708
16667 16705
15757 16574
16537 16548
15775 16404
15805 16339
16126 16323
16133 16284
15974 16116
15824 15915
15828 15904
14663 15742
14678 15696
14850 15677
14934 15611
15058 15606
15073 15573
15491 15548
15423 15478
15424 15469
15093 15398
15112 15378
15228 15344
14942 15026
14696 14845
14693 14694
14528 14660
612 14335
616 14214
14054 14133
626 14008
693 13938
712 13928
1726 13900
1733 13899
1845 13869
2070 13851
2094 13846
2325 13841
2359 13794
13697 13774
2378 13627
2638 13615
2871 13538
12882 13495
13438 13457
13412 13433
12899 13354
12905 13351
13026 13345
13113 13241
2901 12873
2996 12768
3047 12757
3066 12748
3092 12741
6358 12591
6455 12590
12514 12573
6471 12505
6499 12461
9696 12426
10283 12416
10987 12387
11036 12268
11095 12259
11136 12250
12123 12217
11151 12116
12050 12076
11270 12043
11271 12036
11385 11975
11454 11887
11473 11854
11478 11841
11505 11525
10285 10969
10400 10891
10799 10854
10439 10779
10748 10755
10542 10744
10608 10683
10450 10506
10288 10385
10292 10296
9725 10275
9729 10266
9989 10239
10179 10221
10012 10164
9737 9947
9817 9875
6555 9670
6907 9589
6973 9573
7174 9544
7198 9475
7410 9462
9453 9457
7417 9433
7485 9413
9082 9401
9089 9393
7530 9039
8368 9004
8370 8981
8388 8943
8401 8816
8490 8773
8672 8742
8494 8610
7576 8304
7726 8282
7761 8281
7781 8208
7793 8119
7812 8102
7901 8023
7609 7710
7598 7608
7544 7569
7427 7466
7215 7399
7239 7251
6978 7133
7015 7089
6916 6932
6608 6866
6624 6848
6644 6811
6577 6598
3107 6317
3126 6306
3182 6222
3207 6197
3232 5981
3332 5945
5842 5938
5869 5921
3372 5824
3508 5802
5762 5796
3518 5710
3582 5616
3583 5508
3719 5500
3797 5480
3875 5459
3942 5393
3984 5341
4036 5286
5193 5234
5079 5167
4496 5074
4501 5060
4524 5029
4564 5017
4565 4922
4833 4882
4582 4774
4062 4471
4151 4388
4172 4353
3900 3927
3391 3465
2910 2956
2925 2940
2691 2867
2744 2844
2536 2634
2431 2533
2211 2316
2116 2147
1986 2060
1859 1973
1877 1936
1774 1801
742 1671
755 1670
766 1643
816 1548
974 1483
980 1434
1047 1356
1345 1350
1118 1332
1324 1329
1195 1275
888 941
129 290
186 263
