277
798 24980
24771 24964
24798 24877
24821 24868
809 24755
898 24689
905 24560
9181 24546
9190 24500
9230 24450
9342 24376
9377 24348
9730 24291
12574 24263
12661 24248
12750 24241
12924 24229
24113 24225
24180 24212
12959 24078
13130 24067
13177 23899
23717 23898
23750 23891
23862 23871
23804 23846
21694 23711
21720 23677
22159 23612
22217 23565
22232 23561
23363 23494
23400 23471
22395 23326
22464 23308
22719 23299
22822 23255
22855 23254
23059 23100
22568 22702
22418 22463
22237 22379
22267 22346
22196 22212
21834 22066
21921 22065
21974 22012
21726 21825
13180 21687
21417 21635
21443 21444
13211 21414
13236 21287
13364 21239
13366 21206
13372 21180
21025 21055
13388 20980
18236 20949
18237 20912
18273 20883
18292 20848
18626 20820
18684 20794
18699 20720
18717 20638
19111 20635
19182 20560
19226 20515
19332 20484
19377 20453
19479 20359
19482 20307
19576 20208
19659 20185
19703 20109
19886 19917
19751 19856
19665 19669
18815 19098
18826 19037
18316 18600
18351 18373
13413 18187
13462 18159
17995 18156
18027 18144
18116 18126
13576 17925
13766 17916
14149 17913
14173 17888
14274 17886
17771 17838
14415 17759
14429 17683
14431 17669
14449 17633
14463 17511
17219 17401
17225 17390
14489 17110
14607 17087
14677 17044
16995 17036
14700 16968
14834 16936
15061 16848
15447 16844
15494 16795
15552 16759
15649 16652
15668 16638
15711 16635
15722 16458
15758 16371
16349 16365
15861 16308
16157 16272
16195 16216
15974 16116
15093 15398
15368 15378
15099 15336
15125 15213
14842 14854
14744 14793
14555 14582
14317 14410
14325 14407
14228 14272
13782 14136
14054 14133
13794 13987
13796 13908
13587 13760
13607 13694
13539 13570
13314 13354
12768 12902
12792 12819
12774 12780
9955 12555
12538 12548
11373 12532
11587 12501
11599 12420
12317 12377
11619 12215
11953 12171
12014 12104
11646 11950
11648 11850
11513 11562
11380 11462
9967 11326
9985 11323
10036 11282
10138 11279
10155 11160
11116 11142
10975 11106
10866 10918
10173 10858
10766 10837
10638 10727
10188 10634
10316 10588
10383 10427
10044 10123
9811 9946
9733 9791
9383 9648
9401 9595
9436 9592
9238 9272
1055 9164
1060 9108
1139 9096
1146 9049
1204 9032
1256 9013
8829 8964
8867 8940
8147 8814
8546 8771
8230 8544
8356 8525
8403 8451
8197 8222
1287 8130
1394 8117
1546 8070
2900 8027
3038 8019
3048 7903
3061 7857
3097 7850
3111 7828
3180 7779
3201 7709
3249 7665
3323 7657
4041 7646
4095 7632
4254 7513
4259 7457
4663 7409
4701 7379
4717 7368
4774 7321
4784 7245
4886 7231
6007 7185
6008 7151
6042 7141
6919 7061
6929 7001
6550 6899
6740 6770
6558 6681
6619 6665
6435 6520
6050 6355
6305 6353
6097 6118
4974 5987
5408 5975
5807 5942
5842 5938
5869 5921
5580 5732
5589 5672
5470 5534
5008 5393
5014 5240
5079 5167
5118 5166
4889 4935
4794 4829
4262 4578
4392 4519
4159 4246
3369 4029
3519 4017
3570 3967
3900 3927
3577 3858
3801 3854
3674 3777
3381 3461
2745 2771
1572 2741
1654 2736
2664 2723
1679 2633
1720 2614
1813 2528
1950 2457
2031 2438
2122 2268
2135 2232
1900 1947
1735 1803
1498 1526
1395 1465
1071 1074
934 1044
936 1016
814 892
663 728
74 610
88 600
107 497
353 492
358 429
219 287
