106
4083 4094
14 4056
3972 3988
61 3968
102 3916
107 3911
116 3886
121 3876
3566 3858
3583 3842
3597 3832
3748 3811
3703 3736
3626 3684
3633 3663
1249 3562
1259 3560
3310 3548
3344 3545
3490 3539
3508 3535
3424 3481
3349 3420
1260 3277
1273 3266
3022 3240
3023 3228
3094 3178
3124 3129
3113 3122
3054 3084
2945 3016
1326 2938
1362 2925
2064 2911
2139 2889
2148 2853
2262 2828
2312 2815
2320 2804
2435 2773
2743 2761
2458 2719
2486 2709
2496 2705
2630 2675
2504 2601
2509 2575
2326 2425
2293 2302
2266 2274
2175 2261
2190 2239
2129 2134
2082 2122
2074 2077
1367 2061
2020 2050
1380 2018
1900 2012
1929 2006
1993 2005
1387 1879
1407 1851
1437 1832
1444 1755
1510 1752
1691 1731
1514 1680
1533 1622
1447 1452
1274 1315
1282 1286
1219 1239
168 1212
171 1210
183 1195
221 1170
225 1157
729 1130
780 1126
887 1123
1058 1118
1049 1054
1018 1039
1025 1035
1001 1008
890 979
893 938
847 862
841 846
806 823
230 726
234 711
288 686
322 684
334 664
363 655
540 569
389 533
411 515
425 504
428 429
396 400
128 167
22 46
