415
1 1022
2 998
3 10
4 9
5 7
11 27
12 21
13 18
14 16
19 20
22 26
24 25
28 997
29 50
30 34
31 33
35 48
36 37
38 44
39 41
42 43
45 46
51 97
52 86
53 82
54 79
55 57
58 76
59 73
60 65
61 62
63 64
66 69
70 71
74 75
77 78
80 81
83 84
87 88
89 90
91 94
95 96
99 100
101 996
102 995
103 994
104 992
105 280
106 279
107 278
108 277
109 111
112 276
113 114
115 275
116 272
118 271
120 123
121 122
124 270
125 151
126 138
127 134
128 131
132 133
135 137
139 150
140 147
142 144
145 146
148 149
152 269
153 154
155 157
158 268
159 267
160 261
161 260
162 164
165 252
166 251
167 210
168 209
170 206
171 174
176 202
178 197
180 182
183 196
184 190
185 186
187 189
191 193
194 195
198 201
203 205
207 208
212 250
213 214
215 249
216 224
217 222
218 219
220 221
225 246
226 227
228 244
229 243
230 233
231 232
234 236
237 238
239 241
247 248
253 258
254 257
263 266
264 265
273 274
281 282
283 284
286 991
287 990
288 293
289 291
294 987
295 351
296 350
297 349
299 348
300 345
301 343
302 303
304 335
306 334
307 332
308 309
310 313
314 331
315 330
316 320
318 319
321 325
327 329
336 338
339 342
340 341
352 370
353 362
354 361
355 357
359 360
363 369
365 368
366 367
371 986
372 377
374 376
378 985
379 984
380 980
382 979
383 435
384 411
385 390
386 387
388 389
391 410
392 407
393 406
394 395
397 405
398 403
399 402
408 409
412 430
413 428
414 427
415 426
416 422
417 418
419 421
424 425
431 432
436 978
437 976
438 975
439 971
440 970
441 453
442 452
443 451
444 448
445 446
455 460
456 459
457 458
461 463
464 969
465 968
467 786
468 784
469 780
470 471
472 474
475 779
476 522
477 521
478 520
479 485
480 483
481 482
486 487
488 508
489 505
491 504
492 503
493 497
498 502
499 501
506 507
509 510
511 519
512 517
513 515
523 777
524 774
525 773
526 535
527 534
530 533
531 532
536 771
537 770
538 769
539 762
540 754
541 745
542 557
543 544
545 556
547 555
548 549
550 554
558 559
560 744
561 593
562 592
563 591
564 589
565 566
567 588
568 571
572 573
574 582
575 579
580 581
583 584
585 587
594 727
595 724
596 721
597 720
598 719
599 605
600 602
603 604
606 718
607 717
608 701
609 624
610 623
611 619
612 617
613 616
620 622
625 700
626 692
627 689
628 651
629 636
630 632
633 635
637 648
638 646
639 643
640 642
649 650
652 684
653 681
654 656
657 663
658 659
660 661
664 679
666 678
668 677
669 673
671 672
682 683
685 686
687 688
690 691
693 699
694 698
695 697
702 714
703 713
706 710
707 708
711 712
725 726
728 743
729 742
730 734
735 736
737 739
740 741
746 747
748 753
751 752
756 758
760 761
763 764
765 768
766 767
775 776
781 782
787 967
788 965
789 961
790 791
792 817
793 794
796 797
798 815
800 814
801 804
802 803
805 807
808 810
812 813
818 960
819 958
820 955
821 954
822 953
823 952
824 921
825 919
827 828
830 918
831 917
832 833
834 916
835 915
836 852
837 851
838 849
839 845
842 843
846 847
853 914
854 855
857 913
858 912
859 911
860 902
862 901
863 898
865 897
866 872
867 871
869 870
873 882
874 881
875 879
876 878
883 893
884 887
885 886
888 891
889 890
895 896
899 900
903 910
904 907
908 909
923 927
924 926
928 951
929 950
930 933
934 939
935 936
937 938
940 941
942 949
943 948
945 947
956 957
962 963
973 974
981 983
988 989
999 1004
1000 1003
1001 1002
1005 1006
1007 1020
1008 1009
1010 1019
1011 1017
1012 1013
1015 1016
