1010
0 2499
1 2494
2 2469
3 2468
4 2466
5 19
6 18
7 13
8 12
9 11
14 15
16 17
20 2465
21 29
22 27
24 26
30 38
31 36
32 33
39 2464
40 2463
43 2461
44 2460
46 2459
47 2458
48 2450
50 2449
51 1684
52 1683
53 1682
54 1469
56 1465
57 64
58 63
59 60
66 1464
67 1461
68 1460
69 1459
70 1458
71 72
73 1082
74 1075
75 77
79 1074
80 1069
81 1054
82 1052
83 1050
84 1046
85 1045
86 94
87 93
90 92
95 1044
96 1043
97 1040
98 104
99 100
101 102
105 1039
106 1038
107 1033
108 1015
109 1014
110 116
111 115
112 113
117 1013
118 1012
119 1011
120 123
121 122
124 465
125 464
126 463
127 460
128 459
129 455
130 131
132 447
133 446
134 445
135 290
137 138
139 289
140 288
141 284
142 283
143 279
145 249
146 154
147 148
150 152
155 248
156 245
157 243
158 204
159 197
160 196
161 195
162 171
163 165
166 170
167 168
172 176
173 175
177 190
178 189
179 188
180 187
182 185
183 184
191 194
198 201
199 200
202 203
205 213
206 212
208 210
214 242
215 239
217 238
218 237
219 228
220 225
221 224
229 231
232 234
235 236
240 241
246 247
250 278
252 277
253 258
254 257
255 256
259 276
260 274
261 266
262 265
267 273
269 270
280 281
285 287
291 444
292 316
293 299
295 298
296 297
300 315
302 303
304 305
306 314
307 308
309 313
310 311
317 443
318 319
320 442
321 440
323 429
324 428
325 425
326 423
327 339
328 331
329 330
332 335
333 334
340 422
341 421
342 348
343 347
344 346
349 409
350 408
351 364
353 359
354 358
356 357
362 363
365 401
366 400
367 387
369 386
370 374
372 373
375 377
378 382
379 381
383 385
388 390
391 392
393 399
394 395
396 398
402 403
404 405
406 407
410 420
411 419
413 414
416 418
426 427
430 439
431 437
432 436
433 434
449 454
450 452
456 457
466 998
468 471
469 470
472 980
473 474
475 979
476 978
477 977
478 976
479 969
480 968
481 957
482 956
483 485
486 955
487 954
488 490
492 953
494 952
495 950
497 948
498 940
499 933
500 501
502 932
503 931
504 506
507 930
508 929
509 715
510 712
511 670
512 514
515 669
516 668
517 667
518 665
520 521
522 653
523 652
524 648
525 548
526 539
527 531
528 529
533 538
535 536
540 547
541 542
543 545
549 647
550 551
552 646
553 645
554 564
555 563
557 558
559 560
565 644
566 643
567 635
568 569
570 634
571 629
573 621
575 620
576 619
577 578
579 617
581 616
582 587
583 584
585 586
588 615
590 614
591 608
592 607
594 606
595 605
596 604
598 599
601 603
609 610
611 612
622 628
623 626
630 633
636 641
637 640
638 639
649 651
654 663
655 656
658 659
660 662
671 711
672 710
673 709
674 708
677 703
678 700
679 699
680 682
684 698
685 695
687 689
691 694
692 693
696 697
701 702
704 707
716 928
717 856
718 855
719 854
720 853
721 844
722 800
725 799
726 798
727 729
730 786
731 785
732 776
733 771
734 767
735 766
736 764
737 747
738 743
739 742
740 741
744 746
749 750
753 763
754 762
755 761
756 760
757 758
769 770
773 775
777 784
778 783
779 780
781 782
787 788
790 797
791 796
793 795
801 839
802 838
803 809
806 808
810 833
812 823
813 822
814 816
817 821
818 820
824 831
825 829
826 828
834 836
840 841
842 843
845 852
846 851
849 850
857 927
859 926
860 866
861 862
863 865
867 868
869 925
870 873
871 872
874 894
875 893
876 888
877 881
878 880
882 886
883 884
889 891
895 902
896 901
898 900
903 911
904 905
907 908
909 910
912 924
914 923
915 919
916 917
920 921
934 936
937 939
941 947
942 943
944 946
958 959
960 967
961 966
964 965
970 975
972 974
981 987
982 985
988 997
989 996
991 995
992 993
999 1009
1000 1007
1001 1005
1002 1004
1016 1017
1018 1032
1019 1025
1020 1022
1026 1031
1027 1028
1029 1030
1034 1037
1035 1036
1041 1042
1047 1049
1055 1059
1056 1058
1060 1067
1061 1062
1063 1066
1070 1073
1071 1072
1076 1079
1077 1078
1083 1084
1085 1457
1086 1456
1087 1129
1088 1102
1089 1093
1090 1091
1094 1100
1095 1099
1096 1098
1104 1128
1105 1127
1107 1123
1108 1122
1109 1115
1110 1111
1113 1114
1116 1119
1120 1121
1124 1126
1130 1132
1133 1455
1134 1450
1135 1449
1136 1153
1137 1138
1139 1150
1140 1142
1143 1146
1144 1145
1147 1149
1151 1152
1154 1448
1155 1443
1156 1442
1158 1441
1159 1440
1160 1411
1161 1405
1162 1404
1164 1393
1165 1392
1166 1302
1167 1298
1168 1288
1169 1284
1170 1215
1171 1214
1172 1175
1173 1174
1176 1213
1178 1185
1179 1182
1183 1184
1186 1212
1188 1211
1190 1202
1191 1192
1193 1201
1194 1195
1196 1200
1197 1198
1203 1209
1204 1208
1206 1207
1216 1283
1218 1235
1219 1232
1220 1222
1223 1224
1225 1228
1229 1231
1236 1280
1238 1277
1239 1272
1240 1242
1243 1271
1244 1256
1245 1250
1247 1249
1251 1255
1252 1254
1257 1269
1258 1266
1259 1262
1260 1261
1263 1265
1273 1276
1274 1275
1278 1279
1281 1282
1286 1287
1289 1295
1290 1292
1293 1294
1296 1297
1300 1301
1304 1391
1305 1390
1306 1389
1307 1313
1309 1312
1310 1311
1314 1373
1315 1372
1316 1371
1317 1369
1318 1368
1320 1321
1322 1365
1323 1364
1324 1349
1325 1326
1328 1348
1329 1346
1330 1345
1331 1342
1332 1341
1333 1340
1335 1337
1351 1363
1352 1359
1353 1354
1355 1358
1360 1362
1366 1367
1374 1388
1375 1387
1377 1383
1378 1381
1379 1380
1384 1386
1394 1400
1395 1399
1396 1398
1401 1402
1406 1407
1409 1410
1412 1433
1413 1432
1414 1424
1416 1422
1417 1419
1420 1421
1425 1431
1427 1430
1434 1435
1436 1437
1438 1439
1444 1445
1451 1452
1453 1454
1462 1463
1466 1468
1470 1681
1471 1648
1472 1645
1473 1642
1474 1640
1475 1488
1476 1485
1477 1483
1478 1479
1486 1487
1489 1494
1492 1493
1495 1639
1496 1497
1498 1638
1499 1636
1500 1502
1503 1635
1504 1505
1506 1514
1507 1513
1511 1512
1515 1634
1516 1633
1517 1591
1518 1589
1520 1587
1521 1523
1525 1585
1526 1527
1528 1580
1529 1532
1533 1579
1534 1578
1535 1572
1536 1571
1537 1556
1538 1555
1539 1549
1540 1543
1541 1542
1544 1547
1545 1546
1550 1551
1553 1554
1557 1558
1559 1570
1560 1567
1561 1565
1562 1563
1568 1569
1573 1576
1581 1584
1582 1583
1592 1609
1594 1608
1595 1607
1596 1603
1597 1598
1600 1602
1604 1605
1610 1632
1611 1631
1612 1629
1614 1628
1615 1623
1616 1617
1618 1622
1619 1621
1624 1627
1643 1644
1646 1647
1649 1680
1650 1679
1651 1670
1653 1669
1654 1661
1656 1660
1657 1659
1662 1668
1663 1664
1665 1667
1671 1678
1672 1677
1673 1674
1675 1676
1686 2448
1687 2354
1688 2352
1689 2349
1691 2348
1692 2347
1693 2346
1696 2345
1697 2344
1698 2194
1699 1734
1701 1733
1702 1732
1704 1731
1705 1727
1706 1719
1708 1717
1709 1716
1710 1711
1712 1713
1721 1726
1722 1723
1724 1725
1728 1729
1735 2193
1736 1759
1737 1754
1738 1753
1739 1751
1741 1750
1743 1748
1745 1747
1755 1758
1756 1757
1760 2191
1761 2190
1762 2164
1764 2163
1766 2161
1767 1771
1769 1770
1772 2158
1773 2131
1774 2130
1775 2128
1776 2125
1777 2121
1778 1783
1781 1782
1784 2120
1785 1786
1787 2107
1788 2103
1789 1845
1790 1844
1791 1843
1792 1805
1793 1803
1794 1795
1798 1799
1800 1802
1806 1810
1807 1808
1811 1838
1812 1837
1813 1836
1814 1816
1817 1820
1821 1832
1823 1831
1824 1830
1825 1829
1826 1827
1833 1834
1839 1842
1840 1841
1846 2102
1847 1850
1848 1849
1851 2101
1852 1853
1854 2098
1855 1863
1856 1857
1860 1862
1864 1865
1866 2095
1867 1870
1868 1869
1871 2091
1872 1873
1874 2087
1875 1883
1876 1882
1877 1879
1884 2086
1885 2077
1886 1887
1888 2076
1889 1890
1891 2074
1892 2066
1893 1912
1894 1911
1895 1910
1896 1897
1898 1909
1899 1908
1901 1902
1903 1907
1904 1905
1913 2062
1914 1927
1915 1926
1916 1917
1918 1921
1922 1923
1928 1929
1930 2061
1931 2050
1932 1933
1934 1947
1935 1940
1936 1939
1941 1946
1942 1945
1943 1944
1948 2047
1949 2046
1950 2045
1951 2044
1952 1953
1954 1955
1956 1964
1957 1961
1958 1960
1965 2043
1967 2036
1968 2024
1969 1970
1972 2023
1973 1982
1974 1978
1975 1977
1979 1981
1983 1985
1986 2020
1988 2019
1989 2018
1990 2014
1991 2008
1993 1994
1997 2007
1998 2006
1999 2001
2002 2003
2004 2005
2009 2013
2010 2012
2015 2016
2021 2022
2025 2035
2027 2031
2028 2030
2032 2034
2037 2042
2038 2041
2048 2049
2051 2054
2052 2053
2056 2060
2057 2059
2063 2065
2067 2071
2068 2070
2072 2073
2078 2079
2080 2083
2081 2082
2084 2085
2089 2090
2093 2094
2096 2097
2104 2106
2108 2119
2109 2117
2110 2116
2111 2115
2112 2113
2123 2124
2126 2127
2132 2157
2133 2135
2136 2151
2137 2150
2139 2141
2142 2149
2143 2148
2144 2145
2152 2153
2154 2155
2159 2160
2165 2189
2166 2188
2167 2173
2168 2170
2171 2172
2174 2187
2175 2178
2179 2181
2182 2185
2183 2184
2195 2343
2196 2342
2197 2202
2198 2201
2203 2204
2205 2230
2206 2208
2209 2210
2211 2214
2215 2229
2216 2228
2217 2218
2219 2223
2220 2222
2224 2227
2231 2341
2232 2340
2233 2338
2234 2327
2235 2326
2237 2238
2239 2242
2240 2241
2243 2325
2244 2324
2245 2322
2246 2247
2248 2249
2250 2320
2251 2318
2252 2317
2253 2315
2255 2269
2257 2266
2258 2260
2261 2263
2264 2265
2270 2314
2271 2312
2272 2311
2273 2307
2275 2304
2276 2297
2277 2292
2279 2291
2280 2290
2281 2282
2283 2288
2284 2286
2293 2296
2298 2302
2299 2300
2305 2306
2308 2309
2328 2337
2329 2334
2330 2333
2331 2332
2350 2351
2355 2447
2356 2446
2357 2358
2359 2445
2360 2444
2361 2365
2362 2364
2366 2443
2367 2440
2368 2369
2370 2422
2371 2421
2372 2377
2373 2376
2374 2375
2379 2380
2381 2420
2382 2418
2383 2414
2384 2406
2385 2405
2386 2404
2387 2403
2388 2391
2389 2390
2392 2402
2393 2399
2394 2398
2395 2396
2408 2413
2410 2412
2416 2417
2423 2439
2424 2438
2425 2427
2430 2437
2431 2433
2434 2436
2451 2452
2454 2457
2455 2456
2470 2476
2473 2475
2477 2491
2478 2490
2479 2488
2480 2483
2485 2487
2495 2496
