100
0 41
1 9
2 8
3 5
10 11
12 14
15 38
16 37
17 18
19 36
20 33
21 31
22 29
24 28
25 27
39 40
42 255
43 254
44 252
45 251
46 82
47 49
50 79
51 77
52 64
53 63
55 62
56 59
60 61
65 66
67 71
69 70
72 73
74 75
80 81
83 173
84 88
86 87
89 172
90 165
92 160
93 120
94 119
96 118
97 117
98 114
100 111
101 102
105 108
106 107
109 110
115 116
121 127
122 126
128 159
129 130
131 158
132 137
133 135
138 144
139 143
140 141
145 156
147 155
149 154
151 153
161 164
162 163
166 170
167 168
175 185
176 184
177 183
179 182
186 207
187 195
188 194
189 193
191 192
196 206
197 205
198 202
199 200
208 249
209 210
212 248
213 247
215 246
216 229
218 219
220 221
222 224
225 227
230 245
231 238
232 233
234 235
239 244
240 241
242 243
